    ======  ======
    Time:04/10/2018 06:26:23 p. m.
    Title: Initiate log
    Message: 
    Time:04/10/2018 06:26:23 p. m.
    Title: Initiate InternalManager
    Message: Trying to Validate License
    Time:04/10/2018 06:26:23 p. m.
    Title: Requesting EVT
    Message: EVTP
    Time:04/10/2018 06:26:23 p. m.
    Title: Requesting Validation
    Message: ILMValidate
    Time:04/10/2018 06:26:23 p. m.
    Title: LICENSER
    Message: READ REGS START
    Time:04/10/2018 06:26:23 p. m.
    Title: LICENSER
    Message: TRL MODE
    Time:04/10/2018 06:26:23 p. m.
    Title: LICENSER
    Message: DS LEFT-70
    Time:04/10/2018 06:26:23 p. m.
    Title: LICENSER
    Message: DT MARK PASSED-70.00:00:00
    Time:04/10/2018 06:26:23 p. m.
    Title: ILMValidate action
    Message: LIC
    Time:04/10/2018 06:26:24 p. m.
    Title: Acceso denegado a la ruta de acceso 'C:\ProgramData\Telerik\Hash.lic'.
    Message:    en System.IO.__Error.WinIOError(Int32 errorCode, String maybeFullPath)
   en System.IO.FileStream.Init(String path, FileMode mode, FileAccess access, Int32 rights, Boolean useRights, FileShare share, Int32 bufferSize, FileOptions options, SECURITY_ATTRIBUTES secAttrs, String msgPath, Boolean bFromProxy, Boolean useLongPath, Boolean checkHost)
   en System.IO.FileStream..ctor(String path, FileMode mode, FileAccess access, FileShare share)
   en Telerik.Licensing.Licenser.ReadHashPass()
    Time:04/10/2018 06:26:24 p. m.
    Title: LICENSER - TGO
    Message: Start
    Time:04/10/2018 06:26:25 p. m.
    Title: LICENSER - TGO
    Message: Object reference not set to an instance of an object.
    No Telerik Reporting products found in registry
    Entering constructor for: Telerik.VSX.UserSettingsPackage.UserSettingsPackage
    Entering Initialize() of: Telerik.VSX.UserSettingsPackage.UserSettingsPackage
    Entering constructor for: Telerik.WinControls.Converter.VSPackage.VSPackage
    Entering Initialize() for: Telerik.WinControls.Converter.VSPackage.VSPackage
    Assembly resolution failed: Telerik.JustMock.VS2017.Implementation
    Entering constructor for: Telerik.Windows.WPF.VSPackage.VSPackage
    Entering Initialize() for: Telerik.Windows.WPF.VSPackage.VSPackage
    Entering constructor for: Telerik.KendoUI.ASP.NET.Core.VSPackage.VsPackage
    Entering constructor for: Telerik.KendoUI.ASP.NET.Core.VSPackage.VsPackage
    Entering Initialize() for: Telerik.KendoUI.ASP.NET.Core.VSPackage.VsPackage
    Entering Initialize() for: Telerik.KendoUI.ASP.NET.Core.VSPackage.VsPackage
    Entering constructor for: Telerik.WinControls.VSPackage.VSPackage
    Entering Initialize() for: Telerik.WinControls.VSPackage.VSPackage
    Entering constructor for: Telerik.Web.UI.VSPackage.VSPackage
    Entering Initialize() for: Telerik.Web.UI.VSPackage.VSPackage
    Entering constructor for: Telerik.Xamarin.UI.VSPackage.VsPackage
    Entering constructor for: Telerik.Xamarin.UI.VSPackage.VsPackage
    Entering Initialize() for: Telerik.Xamarin.UI.VSPackage.VsPackage
    Entering Initialize() for: Telerik.Xamarin.UI.VSPackage.VsPackage
    Assembly resolution failed: Telerik.JustMock.AddIn.XmlSerializers, Version=2018.2.511.5, Culture=neutral, PublicKeyToken=602a9bfd8c8c4ad7
    TS:Registry store: user registry root "HKEY_CURRENT_USER\Software\Microsoft\VisualStudio\15.0_85783fb7"
    TS:Registry store: config registry root "HKEY_CURRENT_USER\Software\Microsoft\VisualStudio\15.0_85783fb7_Config"
    Explicitly specified node location '' does not exist.
    TRR Initialize DataExplorerToolWindow
    TRR Initialize ReportExplorerToolWindow
    TRR Initialize GroupExplorerToolWindow
    Assembly resolution failed: Telerik.VSX.Notifications.1.2.0.0.XmlSerializers, Version=1.2.0.0, Culture=neutral, PublicKeyToken=0dfdc51bd06071b4
    Assembly resolution failed: Telerik.VSX.Notifications.1.2.0.0.XmlSerializers, Version=1.2.0.0, Culture=neutral, PublicKeyToken=0dfdc51bd06071b4
    Assembly resolution failed: Telerik.UserSettings.2018.3.907.4.XmlSerializers, Version=2018.3.907.4, Culture=neutral, PublicKeyToken=0dfdc51bd06071b4
    Assembly resolution failed: Telerik.UserSettings.2018.3.911.1.XmlSerializers, Version=2018.3.911.1, Culture=neutral, PublicKeyToken=0dfdc51bd06071b4
    TS:Unknown property name: endOfLineState
    TS:Unknown property name: endOfLineState
    TS:Unknown property name: endOfLineState
    Assembly resolution failed: Telerik.VSX.2018.3.907.4.XmlSerializers, Version=2018.3.907.4, Culture=neutral, PublicKeyToken=0dfdc51bd06071b4
    TS:Unknown property name: endOfLineState
    Assembly resolution failed: Telerik.Xamarin.UI.VSX.2018.3.911.1.XmlSerializers, Version=2018.3.911.1, Culture=neutral, PublicKeyToken=0dfdc51bd06071b4
    TS:Unknown property name: endOfLineState
    TS:Unknown property name: endOfLineState
ineState
    TS:Unknown property name: endOfLineState
    TS:Unknown property name: endOfLineState
    TS:Unknown property name: endOfLineState
    TS:Unknown property name: endOfLineState
    TS:Unknown property name: endOfLineState
    TS:Unknown property name: endOfLineState
    TS:Unknown property name: endOfLineState
    TS:Unknown property name: endOfLineState
    TS:Unknown property name: endOfLineState
    TS:Unknown property name: endOfLineState
    TS:Unknown property name: endOfLineState
    TS:Unknown property name: endOfLineState
    TS:Unknown property name: endOfLineState
    TS:Unknown property name: endOfLineState
    TS:Unknown property name: endOfLineState
    TS:Unknown property name: endOfLineState
    TS:Unknown property name: endOfLineState
    TS:Unknown property name: endOfLineState
    TS:Unknown property name: endOfLineState
    TS:Unknown property name: endOfLineState
    TS:Unknown property name: endOfLineState
    TS:Unknown property name: endOfLineState
    TS:Unknown property name: endOfLineState
    TS:Unknown property name: endOfLineState
    TS:Unknown property name: endOfLineState
    TS:Unknown property name: endOfLineState
    TS:Unknown property name: endOfLineState
    TS:Unknown property name: endOfLineState
    TS:Unknown property name: endOfLineState
    TS:Unknown property name: endOfLineState
    TS:Unknown property name: endOfLineState
    TS:Unknown property name: endOfLineState
    TS:Unknown property name: endOfLineState
    TS:Unknown property name: endOfLineState
    TS:Unknown property name: endOfLineState
    TS:Unknown property name: endOfLineState
    TS:Unknown property name: endOfLineState
    TS:Unknown property name: endOfLineState
    TS:Unknown property name: endOfLineState
    TS:Unknown property name: endOfLineState
    TS:Unknown property name: endOfLineState
    TS:Unknown property name: endOfLineState
    TS:Unknown property name: endOfLineState
    TS:Unknown property name: endOfLineState
    TS:Unknown property name: endOfLineState
    TS:Unknown property name: endOfLineState
    TS:Unknown property name: endOfLineState
    TS:Unknown property name: endOfLineState
    TS:Unknown property name: endOfLineState
    TS:Unknown property name: endOfLineState
    TS:Unknown property name: endOfLineState
    TS:Unknown property name: endOfLineState
    TS:Unknown property name: endOfLineState
    TS:Unknown property name: endOfLineState
    TS:Unknown property name: endOfLineState
    TS:Unknown property name: endOfLineState
    TS:Unknown property name: endOfLineState
    TS:Unknown property name: endOfLineState
    TS:Unknown property name: endOfLineState
    TS:Unknown property name: endOfLineState
    TS:Unknown property name: endOfLineState
    TS:Unknown property name: endOfLineState
    TS:Unknown property name: endOfLineState
    TS:Unknown property name: endOfLineState
    TS:Unknown property name: endOfLineState
    TS:Unknown property name: endOfLineState
    TS:Unknown property name: endOfLineState
    TS:Unknown property name: endOfLineState
    TS:Unknown property name: endOfLineState
    TS:Unknown property name: endOfLineState
    TS:Unknown property name: endOfLineState
    TS:Unknown property name: endOfLineState
    TS:Unknown property name: endOfLineState
    TS:Unknown property name: endOfLineState
    TS:Unknown property name: endOfLineState
    TS:Unknown property name: endOfLineState
    TS:Unknown property name: endOfLineState
    TS:Unknown property name: endOfLineState
    TS:Unknown property name: endOfLineState
    TS:Unknown property name: endOfLineState
    TS:Unknown property name: endOfLineState
    TS:Unknown property name: endOfLineState
    TS:Unknown property name: endOfLineState
    TS:Unknown property name: endOfLineState
    TS:Unknown property name: endOfLineState
    TS:Unknown property name: endOfLineState
    TS:Unknown property name: endOfLineState
    TS:Unknown property name: endOfLineState
    TS:Unknown property name: endOfLineState
    TS:Unknown property name: endOfLineState
    TS:Unknown property name: endOfLineState
    TS:Unknown property name: endOfLineState
    TS:Unknown property name: endOfLineState
    TS:Unknown property name: endOfLineState
    TS:Unknown property name: endOfLineState
    TS:Unknown property name: endOfLineState
    TS:Unknown property name: endOfLineState
    TS:Unknown property name: endOfLineState
    TS:Unknown property name: endOfLineState
    TS:Unknown property name: endOfLineState
    TS:Unknown property name: endOfLineState
    TS:Unknown property name: endOfLineState
    TS:Unknown property name: endOfLineState
    TS:Unknown property name: endOfLineState
    TS:Unknown property name: endOfLineState
    TS:Unknown property name: endOfLineState
    TS:Unknown property name: endOfLineState
    TS:Unknown property name: endOfLineState
    TS:Unknown property name: endOfLineState
    TS:Unknown property name: endOfLineState
    TS:Unknown property name: endOfLineState
    TS:Unknown property name: endOfLineState
    TS:Unknown property name: endOfLineState
    TS:Unknown property name: endOfLineState
    TS:Unknown property name: endOfLineState
    TS:Unknown property name: endOfLineState
    TS:Unknown property name: endOfLineState
    TS:Unknown property name: endOfLineState
    TS:Unknown property name: endOfLineState
    TS:Unknown property name: endOfLineState
    TS:Unknown property name: endOfLineState
    TS:Unknown property name: endOfLineState
    TS:Unknown property name: isInString
    TS:Unknown property name: isInString
    TS:Unknown property name: isInString
    TS:Unknown property name: isInString
    TS:Unknown property name: isInString
    TS:Unknown property name: isInString
    TS:Unknown property name: isInString
    TS:Unknown property name: isInString
    TS:Unknown property name: endOfLineState
    TS:Unknown property name: isInString
    TS:Unknown property name: isInString
    TS:Unknown property name: isInString
    TS:Unknown property name: isInString
    TS:Unknown property name: endOfLineState
    TS:Unknown property name: endOfLineState
    TS:Unknown property name: isInString
    TS:Unknown property name: isInString
    TS:Unknown property name: endOfLineState
    TS:Unknown property name: isInString
    TS:Unknown property name: isInString
    TS:Unknown property name: endOfLineState
    TS:Unknown property name: endOfLineState
    TS:Unknown property name: endOfLineState
    TS:Unknown property name: endOfLineState
    TS:Unknown property name: endOfLineState
    TS:Unknown property name: endOfLineState
    TS:Unknown property name: endOfLineState
    TS:Unknown property name: endOfLineState
    TS:Unknown property name: endOfLineState
    TS:Unknown property name: endOfLineState
    TS:Unknown property name: endOfLineState
    TS:Unknown property name: endOfLineState
    TS:Unknown property name: endOfLineState
    TS:Unknown property name: endOfLineState
    TS:Unknown property name: endOfLineState
    TS:Unknown property name: endOfLineState
    TS:Unknown property name: endOfLineState
    TS:Unknown property name: endOfLineState
    TS:Unknown property name: isInString
    TS:Unknown property name: isInString
    TS:Unknown property name: isInString
    TS:Unknown property name: isInString
    TS:Unknown property name: endOfLineState
    TS:Unknown property name: containerName
    TS:Unknown property name: endOfLineState
    TS:Unknown property name: endOfLineState
    TS:Unknown property name: endOfLineState
    TS:Unknown property name: endOfLineState
    TS:Unknown property name: endOfLineState
    TS:Unknown property name: endOfLineState
    TS:Unknown property name: endOfLineState
    TS:Unknown property name: endOfLineState
    TS:Unknown property name: endOfLineState
    TS:Unknown property name: endOfLineState
    TS:Unknown property name: endOfLineState
    TS:Unknown property name: endOfLineState
    TS:Unknown property name: endOfLineState
    TS:Unknown property name: endOfLineState
    TS:Unknown property name: endOfLineState
    TS:Unknown property name: endOfLineState
    TS:Unknown property name: endOfLineState
    TS:Unknown property name: endOfLineState
    TS:Unknown property name: endOfLineState
    TS:Unknown property name: endOfLineState
    TS:Unknown property name: endOfLineState
    TS:Unknown property name: endOfLineState
    TS:Unknown property name: endOfLineState
    TS:Unknown property name: endOfLineState
    TS:Unknown property name: endOfLineState
    TS:Unknown property name: endOfLineState
    TS:Unknown property name: endOfLineState
    TS:Unknown property name: endOfLineState
    TS:Unknown property name: endOfLineState
    TS:Unknown property name: endOfLineState
    TS:Unknown property name: endOfLineState
    TS:Unknown property name: endOfLineState
    TS:Unknown property name: endOfLineState
    TS:Unknown property name: endOfLineState
    TS:Unknown property name: endOfLineState
    TS:Unknown property name: endOfLineState
    TS:Unknown property name: endOfLineState
    TS:Unknown property name: endOfLineState
    TS:Unknown property name: endOfLineState
    TS:Unknown property name: endOfLineState
    TS:Unknown property name: endOfLineState
    TS:Unknown property name: endOfLineState
    TS:Unknown property name: endOfLineState
    TS:Unknown property name: endOfLineState
    TS:Unknown property name: endOfLineState
    TS:Unknown property name: endOfLineState
    TS:Unknown property name: endOfLineState
    TS:Unknown property name: endOfLineState
    TS:Unknown property name: endOfLineState
    TS:Unknown property name: endOfLineState
    TS:Unknown property name: endOfLineState
    TS:Unknown property name: endOfLineState
    TS:Unknown property name: endOfLineState
    TS:Unknown property name: endOfLineState
    TS:Unknown property name: endOfLineState
    TS:Unknown property name: endOfLineState
    TS:Unknown property name: endOfLineState
    TS:Unknown property name: endOfLineState
    TS:Unknown property name: endOfLineState
    TS:Unknown property name: endOfLineState
    TS:Unknown property name: endOfLineState
    TS:Unknown property name: endOfLineState
    TS:Unknown property name: endOfLineState
    TS:Unknown property name: endOfLineState
    TS:Unknown property name: endOfLineState
    TS:Unknown property name: endOfLineState
    TS:Unknown property name: endOfLineState
    TS:Unknown property name: endOfLineState
    TS:Unknown property name: endOfLineState
    TS:Unknown property name: endOfLineState
    TS:Unknown property name: endOfLineState
    TS:Unknown property name: endOfLineState
    TS:Unknown property name: endOfLineState
    TS:Unknown property name: endOfLineState
    TS:Unknown property name: endOfLineState
    TS:Unknown property name: endOfLineState
    TS:Unknown property name: endOfLineState
    TS:Unknown property name: endOfLineState
    TS:Unknown property name: endOfLineState
    TS:Unknown property name: endOfLineState
    TS:Unknown property name: endOfLineState
    TS:Unknown property name: endOfLineState
    TS:Unknown property name: endOfLineState
    TS:Unknown property name: endOfLineState
    TS:Unknown property name: endOfLineState
    TS:Unknown property name: endOfLineState
    TS:Unknown property name: endOfLineState
    TS:Unknown property name: endOfLineState
    TS:Unknown property name: endOfLineState
    TS:Unknown property name: endOfLineState
    TS:Unknown property name: endOfLineState
    TS:Unknown property name: endOfLineState
    TS:Unknown property name: endOfLineState
    TS:Unknown property name: endOfLineState
    TS:Unknown property name: endOfLineState
    TS:Unknown property name: endOfLineState
    TS:Unknown property name: endOfLineState
    TS:Unknown property name: endOfLineState
    TS:Unknown property name: endOfLineState
    TS:Unknown property name: endOfLineState
    TS:Unknown property name: endOfLineState
    TS:Unknown property name: endOfLineState
    TS:Unknown property name: endOfLineState
    TS:Unknown property name: endOfLineState
    TS:Unknown property name: endOfLineState
    TS:Unknown property name: endOfLineState
    TS:Unknown property name: endOfLineState
    TS:Unknown property name: endOfLineState
    TS:Unknown property name: endOfLineState
    TS:Unknown property name: endOfLineState
    TS:Unknown property name: endOfLineState
    TS:Unknown property name: endOfLineState
    TS:Unknown property name: endOfLineState
    TS:Unknown property name: endOfLineState
    TS:Unknown property name: endOfLineState
    TS:Unknown property name: endOfLineState
    TS:Unknown property name: endOfLineState
    TS:Unknown property name: endOfLineState
    TS:Unknown property name: endOfLineState
    TS:Unknown property name: endOfLineState
    TS:Unknown property name: endOfLineState
    TS:Unknown property name: endOfLineState
    TS:Unknown property name: endOfLineState
    TS:Unknown property name: endOfLineState
    TS:Unknown property name: endOfLineState
    TS:Unknown property name: endOfLineState
    TS:Unknown property name: endOfLineState
    TS:Unknown property name: endOfLineState
    TS:Unknown property name: endOfLineState
    TS:Unknown property name: endOfLineState
    TS:Unknown property name: endOfLineState
    TS:Unknown property name: endOfLineState
    TS:Unknown property name: endOfLineState
    TS:Unknown property name: endOfLineState
    TS:Unknown property name: endOfLineState
    TS:Unknown property name: endOfLineState
    TS:Unknown property name: endOfLineState
    TS:Unknown property name: endOfLineState
    TS:Unknown property name: endOfLineState
    TS:Unknown property name: endOfLineState
    TS:Unknown property name: endOfLineState
    TS:Unknown property name: endOfLineState
    TS:Unknown property name: endOfLineState
    TS:Unknown property name: endOfLineState
    TS:Unknown property name: endOfLineState
    TS:Unknown property name: endOfLineState
    TS:Unknown property name: endOfLineState
    TS:Unknown property name: endOfLineState
    TS:Unknown property name: endOfLineState
    TS:Unknown property name: endOfLineState
    TS:Unknown property name: endOfLineState
    TS:Unknown property name: endOfLineState
    TS:Unknown property name: endOfLineState
    TS:Unknown property name: endOfLineState
    TS:Unknown property name: endOfLineState
    TS:Unknown property name: endOfLineState
    TS:Unknown property name: endOfLineState
    TS:Unknown property name: endOfLineState
    TS:Unknown property name: endOfLineState
    TS:Unknown property name: endOfLineState
    TS:Unknown property name: endOfLineState
    TS:Unknown property name: endOfLineState
    TS:Unknown property name: endOfLineState
    TS:Unknown property name: endOfLineState
    TS:Unknown property name: endOfLineState
    TS:Unknown property name: endOfLineState
    TS:Unknown property name: endOfLineState
    TS:Unknown property name: endOfLineState
    TS:Unknown property name: endOfLineState
    TS:Unknown property name: endOfLineState
    TS:Unknown property name: endOfLineState
    TS:Unknown property name: endOfLineState
    TS:Unknown property name: endOfLineState
    TS:Unknown property name: endOfLineState
    TS:Unknown property name: endOfLineState
    TS:Unknown property name: endOfLineState
    TS:Unknown property name: endOfLineState
    TS:Unknown property name: endOfLineState
    TS:Unknown property name: endOfLineState
    TS:Unknown property name: endOfLineState
    TS:Unknown property name: endOfLineState
    TS:Unknown property name: endOfLineState
    TS:Unknown property name: endOfLineState
    TS:Unknown property name: endOfLineState
    TS:Unknown property name: endOfLineState
    TS:Unknown property name: endOfLineState
    TS:Unknown property name: endOfLineState
    TS:Unknown property name: endOfLineState
    TS:Unknown property name: endOfLineState
    TS:Unknown property name: endOfLineState
    TS:Unknown property name: endOfLineState
    TS:Unknown property name: endOfLineState
